0 info it worked if it ends with ok
1 verbose cli [ '/usr/bin/node',
1 verbose cli   '/usr/bin/npm',
1 verbose cli   'completion',
1 verbose cli   '--',
1 verbose cli   'npm',
1 verbose cli   'install',
1 verbose cli   'bow' ]
2 info using npm@1.4.29
3 info using node@v0.10.43
4 verbose node symlink /usr/bin/node
5 warn deprecated This version of npm lacks support for important features,
6 warn deprecated such as scoped packages, offered by the primary npm
7 warn deprecated registry. Consider upgrading to at least npm@2, if not the
8 warn deprecated latest stable version. To upgrade to npm@2, run:
9 warn deprecated npm -g install npm@latest-2
10 warn deprecated To upgrade to the latest stable version, run:
11 warn deprecated npm -g install npm@latest
12 warn deprecated (Depending on how Node.js was installed on your system, you
13 warn deprecated may need to prefix the preceding commands with `sudo`, or if
14 warn deprecated on Windows, run them from an Administrator prompt.)
15 warn deprecated If you're running the version of npm bundled with
16 warn deprecated Node.js 0.10 LTS, be aware that the next version of 0.10 LTS
17 warn deprecated will be bundled with a version of npm@2, which has some small
18 warn deprecated backwards-incompatible changes made to `npm run-script` and
19 warn deprecated semver behavior.
20 verbose request where is /-/short
21 verbose request registry https://registry.npmjs.org/
22 verbose request id 9920834a9cf899bd
23 verbose url raw /-/short
24 verbose url resolving [ 'https://registry.npmjs.org/', './-/short' ]
25 verbose url resolved https://registry.npmjs.org/-/short
26 verbose request where is https://registry.npmjs.org/-/short
27 info trying registry request attempt 1 at 16:40:32
28 http GET https://registry.npmjs.org/-/short
29 http 404 https://registry.npmjs.org/-/short
30 silly registry.get cb [ 404,
30 silly registry.get   { 'content-type': 'application/json',
30 silly registry.get     'cache-control': 'max-age=0',
30 silly registry.get     'content-length': '2',
30 silly registry.get     'accept-ranges': 'bytes',
30 silly registry.get     date: 'Fri, 11 Mar 2016 11:10:43 GMT',
30 silly registry.get     via: '1.1 varnish',
30 silly registry.get     connection: 'keep-alive',
30 silly registry.get     'x-served-by': 'cache-sin6924-SIN',
30 silly registry.get     'x-cache': 'MISS',
30 silly registry.get     'x-cache-hits': '0',
30 silly registry.get     'x-timer': 'S1457694643.423276,VS0,VE248' } ]
31 error TypeError: Object #<Object> has no method 'filter'
31 error     at /usr/lib/node_modules/npm/lib/install.js:43:17
31 error     at saved (/usr/lib/node_modules/npm/node_modules/npm-registry-client/lib/get.js:167:7)
31 error     at Object.oncomplete (fs.js:108:15)
32 error If you need help, you may report this *entire* log,
32 error including the npm and node versions, at:
32 error     <http://github.com/npm/npm/issues>
33 error System Linux 4.0.0-kali1-amd64
34 error command "/usr/bin/node" "/usr/bin/npm" "completion" "--" "npm" "install" "bow"
35 error cwd /home/spider-ninja/ionic/bjs/customerApp/bjsIonic/blueteam
36 error node -v v0.10.43
37 error npm -v 1.4.29
38 error type undefined_method
39 verbose exit [ 1, true ]
